
                                      ARENA Simulation Results
                                      PCE21 - License: STUDENT

                                  Summary for Replication 1 of 1

Project: Unnamed Project                                             Run execution date : 9/22/2015
Analyst: PCE21                                                       Model revision date: 9/22/2015

Replication ended at time      : 1000.0 Minutes 
Base Time Units: Minutes

                                           TALLY VARIABLES

Identifier                                  Average   Half Width  Minimum    Maximum   Observations
___________________________________________________________________________________________________

Entity 1.VATime                             3.1329     (Insuf)    .00425     19.843        253    
Entity 1.NVATime                            .00000     (Insuf)    .00000     .00000        253    
Entity 1.WaitTime                           7.8404     (Insuf)    .00000     34.022        253    
Entity 1.TranTime                           .00000     (Insuf)    .00000     .00000        253    
Entity 1.OtherTime                          .00000     (Insuf)    .00000     .00000        253    
Entity 1.TotalTime                          10.973     (Insuf)    .04634     35.079        253    
Banco.Queue.WaitingTime                     7.8124     (Insuf)    .00000     34.022        254    

                                     DISCRETE-CHANGE VARIABLES

Identifier                                  Average   Half Width  Minimum    Maximum   Final Value
___________________________________________________________________________________________________

Entity 1.WIP                                2.7773     .69964     .00000     10.000     1.0000    
Servidor.NumberBusy                         .79301     (Insuf)    .00000     1.0000     1.0000    
Servidor.NumberScheduled                    1.0000     (Insuf)    1.0000     1.0000     1.0000    
Servidor.Utilization                        .79301     (Insuf)    .00000     1.0000     1.0000    
Banco.Queue.NumberInQueue                   1.9843     .63766     .00000     9.0000     .00000    

                                             OUTPUTS

Identifier                                   Value
_____________________________________________________________

Entity 1.NumberIn                           254.00    
Entity 1.NumberOut                          253.00    
Servidor.NumberSeized                       254.00    
Servidor.ScheduledUtilization               .79301    
System.NumberOut                            253.00    


Simulation run time: 0.08 minutes.
Simulation run complete.
